<?xml version="1.0" encoding="UTF-8"?>
<!-- Generated by org.testng.reporters.JUnitXMLReporter -->
<testsuite hostname="W70147" ignored="1" name="Default test" tests="1" failures="0" timestamp="06 Oct 2020 12:43:06 GMT" time="9.972" errors="0">
  <testcase name="logoTest" time="0.053" classname="com.qa.hubspot.pageTests.SignInTest"/>
  <testcase name="SignUp_displayedTest" time="0.0" classname="com.qa.hubspot.pageTests.SignInTest">
    <ignored/>
  </testcase> <!-- SignUp_displayedTest -->
</testsuite> <!-- Default test -->
